<?xml version="1.0" encoding="UTF-8"?>
<!-- Generated by org.testng.reporters.JUnitReportReporter -->
<testsuite skipped="0" hostname="DESKTOP-6MMSN4K" name="Testcase.TC001veriyLogin" tests="1" failures="0" timestamp="20 Nov 2021 20:46:49 GMT" time="17.376" errors="0">
  <testcase name="verifyLogin" time="17.376" classname="Testcase.TC001veriyLogin"/>
</testsuite> <!-- Testcase.TC001veriyLogin -->
