<?xml version="1.0" encoding="UTF-8"?>
<!-- Generated by org.testng.reporters.JUnitReportReporter -->
<testsuite skipped="0" hostname="DESKTOP-6MMSN4K" name="Extentreport" tests="1" failures="0" timestamp="20 Nov 2021 20:38:45 GMT" time="7.647" errors="0">
  <testcase name="verifyLogin" time="7.647" classname="Extentreport"/>
</testsuite> <!-- Extentreport -->
